# JRE version: OpenJDK Runtime Environment (11.0.18+10) (build 11.0.18+10-post-Ubuntu-0ubuntu122.04)
# Java VM: OpenJDK 64-Bit Server VM (11.0.18+10-post-Ubuntu-0ubuntu122.04, mixed mode, sharing, tiered, compressed oops, g1 gc, linux-amd64)
Heap:
 garbage-first heap   total 581632K, used 448716K [0x0000000708000000, 0x0000000800000000)
  region size 1024K, 67 young (68608K), 12 survivors (12288K)
 Metaspace       used 2429K, capacity 5757K, committed 6016K, reserved 1056768K
  class space    used 188K, capacity 515K, committed 640K, reserved 1048576K
GC Heap History (20 events):
Event: 25.176 GC heap before
{Heap before GC invocations=24 (full 0):
 garbage-first heap   total 581632K, used 361757K [0x0000000708000000, 0x0000000800000000)
  region size 1024K, 159 young (162816K), 4 survivors (4096K)
 Metaspace       used 2421K, capacity 5757K, committed 6016K, reserved 1056768K
  class space    used 188K, capacity 515K, committed 640K, reserved 1048576K
}
Event: 25.216 GC heap after
{Heap after GC invocations=25 (full 0):
 garbage-first heap   total 581632K, used 281952K [0x0000000708000000, 0x0000000800000000)
  region size 1024K, 20 young (20480K), 20 survivors (20480K)
 Metaspace       used 2421K, capacity 5757K, committed 6016K, reserved 1056768K
  class space    used 188K, capacity 515K, committed 640K, reserved 1048576K
}
Event: 27.456 GC heap before
{Heap before GC invocations=25 (full 0):
 garbage-first heap   total 581632K, used 395616K [0x0000000708000000, 0x0000000800000000)
  region size 1024K, 131 young (134144K), 20 survivors (20480K)
 Metaspace       used 2421K, capacity 5757K, committed 6016K, reserved 1056768K
  class space    used 188K, capacity 515K, committed 640K, reserved 1048576K
}
Event: 27.488 GC heap after
{Heap after GC invocations=26 (full 0):
 garbage-first heap   total 581632K, used 322252K [0x0000000708000000, 0x0000000800000000)
  region size 1024K, 17 young (17408K), 17 survivors (17408K)
 Metaspace       used 2421K, capacity 5757K, committed 6016K, reserved 1056768K
  class space    used 188K, capacity 515K, committed 640K, reserved 1048576K
}
Event: 29.766 GC heap before
{Heap before GC invocations=27 (full 0):
 garbage-first heap   total 581632K, used 388812K [0x0000000708000000, 0x0000000800000000)
  region size 1024K, 108 young (110592K), 17 survivors (17408K)
 Metaspace       used 2421K, capacity 5757K, committed 6016K, reserved 1056768K
  class space    used 188K, capacity 515K, committed 640K, reserved 1048576K
}
Event: 29.793 GC heap after
{Heap after GC invocations=28 (full 0):
 garbage-first heap   total 581632K, used 327884K [0x0000000708000000, 0x0000000800000000)
  region size 1024K, 14 young (14336K), 14 survivors (14336K)
 Metaspace       used 2421K, capacity 5757K, committed 6016K, reserved 1056768K
  class space    used 188K, capacity 515K, committed 640K, reserved 1048576K
}
Event: 30.097 GC heap before
{Heap before GC invocations=28 (full 0):
 garbage-first heap   total 581632K, used 342220K [0x0000000708000000, 0x0000000800000000)
  region size 1024K, 28 young (28672K), 14 survivors (14336K)
 Metaspace       used 2421K, capacity 5757K, committed 6016K, reserved 1056768K
  class space    used 188K, capacity 515K, committed 640K, reserved 1048576K
}
Event: 30.107 GC heap after
{Heap after GC invocations=29 (full 0):
 garbage-first heap   total 581632K, used 265420K [0x0000000708000000, 0x0000000800000000)
  region size 1024K, 4 young (4096K), 4 survivors (4096K)
 Metaspace       used 2421K, capacity 5757K, committed 6016K, reserved 1056768K
  class space    used 188K, capacity 515K, committed 640K, reserved 1048576K
}
Event: 30.540 GC heap before
{Heap before GC invocations=29 (full 0):
 garbage-first heap   total 581632K, used 289996K [0x0000000708000000, 0x0000000800000000)
  region size 1024K, 28 young (28672K), 4 survivors (4096K)
 Metaspace       used 2421K, capacity 5757K, committed 6016K, reserved 1056768K
  class space    used 188K, capacity 515K, committed 640K, reserved 1048576K
}
Event: 30.566 GC heap after
{Heap after GC invocations=30 (full 0):
 garbage-first heap   total 581632K, used 218633K [0x0000000708000000, 0x0000000800000000)
  region size 1024K, 4 young (4096K), 4 survivors (4096K)
 Metaspace       used 2421K, capacity 5757K, committed 6016K, reserved 1056768K
  class space    used 188K, capacity 515K, committed 640K, reserved 1048576K
}
Event: 31.046 GC heap before
{Heap before GC invocations=30 (full 0):
 garbage-first heap   total 581632K, used 243209K [0x0000000708000000, 0x0000000800000000)
  region size 1024K, 28 young (28672K), 4 survivors (4096K)
 Metaspace       used 2421K, capacity 5757K, committed 6016K, reserved 1056768K
  class space    used 188K, capacity 515K, committed 640K, reserved 1048576K
}
Event: 31.065 GC heap after
{Heap after GC invocations=31 (full 0):
 garbage-first heap   total 581632K, used 197252K [0x0000000708000000, 0x0000000800000000)
  region size 1024K, 4 young (4096K), 4 survivors (4096K)
 Metaspace       used 2421K, capacity 5757K, committed 6016K, reserved 1056768K
  class space    used 188K, capacity 515K, committed 640K, reserved 1048576K
}
Event: 34.317 GC heap before
{Heap before GC invocations=31 (full 0):
 garbage-first heap   total 581632K, used 365188K [0x0000000708000000, 0x0000000800000000)
  region size 1024K, 168 young (172032K), 4 survivors (4096K)
 Metaspace       used 2423K, capacity 5757K, committed 6016K, reserved 1056768K
  class space    used 188K, capacity 515K, committed 640K, reserved 1048576K
}
Event: 34.360 GC heap after
{Heap after GC invocations=32 (full 0):
 garbage-first heap   total 581632K, used 281095K [0x0000000708000000, 0x0000000800000000)
  region size 1024K, 21 young (21504K), 21 survivors (21504K)
 Metaspace       used 2423K, capacity 5757K, committed 6016K, reserved 1056768K
  class space    used 188K, capacity 515K, committed 640K, reserved 1048576K
}
Event: 36.680 GC heap before
{Heap before GC invocations=32 (full 0):
 garbage-first heap   total 581632K, used 394759K [0x0000000708000000, 0x0000000800000000)
  region size 1024K, 132 young (135168K), 21 survivors (21504K)
 Metaspace       used 2423K, capacity 5757K, committed 6016K, reserved 1056768K
  class space    used 188K, capacity 515K, committed 640K, reserved 1048576K
}
Event: 36.711 GC heap after
{Heap after GC invocations=33 (full 0):
 garbage-first heap   total 581632K, used 320716K [0x0000000708000000, 0x0000000800000000)
  region size 1024K, 17 young (17408K), 17 survivors (17408K)
 Metaspace       used 2423K, capacity 5757K, committed 6016K, reserved 1056768K
  class space    used 188K, capacity 515K, committed 640K, reserved 1048576K
}
Event: 38.683 GC heap before
{Heap before GC invocations=33 (full 0):
 garbage-first heap   total 581632K, used 413900K [0x0000000708000000, 0x0000000800000000)
  region size 1024K, 108 young (110592K), 17 survivors (17408K)
 Metaspace       used 2429K, capacity 5757K, committed 6016K, reserved 1056768K
  class space    used 188K, capacity 515K, committed 640K, reserved 1048576K
}
Event: 38.709 GC heap after
{Heap after GC invocations=34 (full 0):
 garbage-first heap   total 581632K, used 353484K [0x0000000708000000, 0x0000000800000000)
  region size 1024K, 14 young (14336K), 14 survivors (14336K)
 Metaspace       used 2429K, capacity 5757K, committed 6016K, reserved 1056768K
  class space    used 188K, capacity 515K, committed 640K, reserved 1048576K
}
Event: 39.896 GC heap before
{Heap before GC invocations=34 (full 0):
 garbage-first heap   total 581632K, used 407756K [0x0000000708000000, 0x0000000800000000)
  region size 1024K, 68 young (69632K), 14 survivors (14336K)
 Metaspace       used 2429K, capacity 5757K, committed 6016K, reserved 1056768K
  class space    used 188K, capacity 515K, committed 640K, reserved 1048576K
}
Event: 39.919 GC heap after
{Heap after GC invocations=35 (full 0):
 garbage-first heap   total 581632K, used 368844K [0x0000000708000000, 0x0000000800000000)
  region size 1024K, 12 young (12288K), 12 survivors (12288K)
 Metaspace       used 2429K, capacity 5757K, committed 6016K, reserved 1056768K
  class space    used 188K, capacity 515K, committed 640K, reserved 1048576K
}

